# JRE version: OpenJDK Runtime Environment Temurin-21.0.9+10 (21.0.9+10) (build 21.0.9+10-LTS)
# Java VM: OpenJDK 64-Bit Server VM Temurin-21.0.9+10 (21.0.9+10-LTS, mixed mode, sharing, tiered, compressed oops, compressed class ptrs, parallel gc, windows-amd64)
GC Precious Log:
 CardTable entry size: 512
 CPUs: 8 total, 8 available
 Memory: 16107M
 Large Page Support: Disabled
 NUMA Support: Disabled
 Compressed Oops: Enabled (32-bit)
 Alignments: Space 512K, Generation 512K, Heap 2M
 Heap Min Capacity: 100M
 Heap Initial Capacity: 100M
 Heap Max Capacity: 2G
 Pre-touch: Disabled
 Parallel Workers: 8
Heap:
 PSYoungGen      total 10752K, used 9085K [0x00000000d5580000, 0x00000000d6400000, 0x0000000100000000)
  eden space 9728K, 84% used [0x00000000d5580000,0x00000000d5d80e58,0x00000000d5f00000)
  from space 1024K, 86% used [0x00000000d6300000,0x00000000d63de900,0x00000000d6400000)
  to   space 1536K, 0% used [0x00000000d6100000,0x00000000d6100000,0x00000000d6280000)
 ParOldGen       total 165376K, used 150791K [0x0000000080000000, 0x000000008a180000, 0x00000000d5580000)
  object space 165376K, 91% used [0x0000000080000000,0x0000000089341e08,0x000000008a180000)
 Metaspace       used 89825K, committed 91520K, reserved 1179648K
  class space    used 8693K, committed 9472K, reserved 1048576K
GC Heap History (20 events):
Event: 8044.346 GC heap before
{Heap before GC invocations=5407 (full 8):
 PSYoungGen      total 8192K, used 8192K [0x00000000d5580000, 0x00000000d6b80000, 0x0000000100000000)
  eden space 6144K, 100% used [0x00000000d5580000,0x00000000d5b80000,0x00000000d5b80000)
  from space 2048K, 100% used [0x00000000d6480000,0x00000000d6680000,0x00000000d6680000)
  to   space 8192K, 0% used [0x00000000d5b80000,0x00000000d5b80000,0x00000000d6380000)
 ParOldGen       total 1353728K, used 1353279K [0x0000000080000000, 0x00000000d2a00000, 0x00000000d5580000)
  object space 1353728K, 99% used [0x0000000080000000,0x00000000d298ff10,0x00000000d2a00000)
 Metaspace       used 89836K, committed 91520K, reserved 1179648K
  class space    used 8702K, committed 9472K, reserved 1048576K
}
Event: 8044.350 GC heap after
{Heap after GC invocations=5407 (full 8):
 PSYoungGen      total 11264K, used 5048K [0x00000000d5580000, 0x00000000d6780000, 0x0000000100000000)
  eden space 6144K, 0% used [0x00000000d5580000,0x00000000d5580000,0x00000000d5b80000)
  from space 5120K, 98% used [0x00000000d5b80000,0x00000000d606e000,0x00000000d6080000)
  to   space 6144K, 0% used [0x00000000d6180000,0x00000000d6180000,0x00000000d6780000)
 ParOldGen       total 1355776K, used 1355367K [0x0000000080000000, 0x00000000d2c00000, 0x00000000d5580000)
  object space 1355776K, 99% used [0x0000000080000000,0x00000000d2b99f10,0x00000000d2c00000)
 Metaspace       used 89836K, committed 91520K, reserved 1179648K
  class space    used 8702K, committed 9472K, reserved 1048576K
}
Event: 8044.390 GC heap before
{Heap before GC invocations=5408 (full 8):
 PSYoungGen      total 11264K, used 11192K [0x00000000d5580000, 0x00000000d6780000, 0x0000000100000000)
  eden space 6144K, 100% used [0x00000000d5580000,0x00000000d5b80000,0x00000000d5b80000)
  from space 5120K, 98% used [0x00000000d5b80000,0x00000000d606e000,0x00000000d6080000)
  to   space 6144K, 0% used [0x00000000d6180000,0x00000000d6180000,0x00000000d6780000)
 ParOldGen       total 1355776K, used 1355367K [0x0000000080000000, 0x00000000d2c00000, 0x00000000d5580000)
  object space 1355776K, 99% used [0x0000000080000000,0x00000000d2b99f10,0x00000000d2c00000)
 Metaspace       used 89836K, committed 91520K, reserved 1179648K
  class space    used 8702K, committed 9472K, reserved 1048576K
}
Event: 8044.398 GC heap after
{Heap after GC invocations=5408 (full 8):
 PSYoungGen      total 11776K, used 6061K [0x00000000d5580000, 0x00000000d6880000, 0x0000000100000000)
  eden space 5632K, 0% used [0x00000000d5580000,0x00000000d5580000,0x00000000d5b00000)
  from space 6144K, 98% used [0x00000000d6180000,0x00000000d676b510,0x00000000d6780000)
  to   space 6656K, 0% used [0x00000000d5b00000,0x00000000d5b00000,0x00000000d6180000)
 ParOldGen       total 1360384K, used 1360359K [0x0000000080000000, 0x00000000d3080000, 0x00000000d5580000)
  object space 1360384K, 99% used [0x0000000080000000,0x00000000d3079f10,0x00000000d3080000)
 Metaspace       used 89836K, committed 91520K, reserved 1179648K
  class space    used 8702K, committed 9472K, reserved 1048576K
}
Event: 8044.410 GC heap before
{Heap before GC invocations=5409 (full 8):
 PSYoungGen      total 11776K, used 11678K [0x00000000d5580000, 0x00000000d6880000, 0x0000000100000000)
  eden space 5632K, 99% used [0x00000000d5580000,0x00000000d5afc5e8,0x00000000d5b00000)
  from space 6144K, 98% used [0x00000000d6180000,0x00000000d676b510,0x00000000d6780000)
  to   space 6656K, 0% used [0x00000000d5b00000,0x00000000d5b00000,0x00000000d6180000)
 ParOldGen       total 1360384K, used 1360359K [0x0000000080000000, 0x00000000d3080000, 0x00000000d5580000)
  object space 1360384K, 99% used [0x0000000080000000,0x00000000d3079f10,0x00000000d3080000)
 Metaspace       used 89836K, committed 91520K, reserved 1179648K
  class space    used 8702K, committed 9472K, reserved 1048576K
}
Event: 8044.415 GC heap after
{Heap after GC invocations=5409 (full 8):
 PSYoungGen      total 10752K, used 4615K [0x00000000d5580000, 0x00000000d6600000, 0x0000000100000000)
  eden space 5632K, 0% used [0x00000000d5580000,0x00000000d5580000,0x00000000d5b00000)
  from space 5120K, 90% used [0x00000000d5b00000,0x00000000d5f81f28,0x00000000d6000000)
  to   space 5632K, 0% used [0x00000000d6080000,0x00000000d6080000,0x00000000d6600000)
 ParOldGen       total 1366528K, used 1366365K [0x0000000080000000, 0x00000000d3680000, 0x00000000d5580000)
  object space 1366528K, 99% used [0x0000000080000000,0x00000000d3657420,0x00000000d3680000)
 Metaspace       used 89836K, committed 91520K, reserved 1179648K
  class space    used 8702K, committed 9472K, reserved 1048576K
}
Event: 8044.465 GC heap before
{Heap before GC invocations=5410 (full 8):
 PSYoungGen      total 10752K, used 10247K [0x00000000d5580000, 0x00000000d6600000, 0x0000000100000000)
  eden space 5632K, 100% used [0x00000000d5580000,0x00000000d5b00000,0x00000000d5b00000)
  from space 5120K, 90% used [0x00000000d5b00000,0x00000000d5f81f28,0x00000000d6000000)
  to   space 5632K, 0% used [0x00000000d6080000,0x00000000d6080000,0x00000000d6600000)
 ParOldGen       total 1366528K, used 1366365K [0x0000000080000000, 0x00000000d3680000, 0x00000000d5580000)
  object space 1366528K, 99% used [0x0000000080000000,0x00000000d3657420,0x00000000d3680000)
 Metaspace       used 89837K, committed 91520K, reserved 1179648K
  class space    used 8702K, committed 9472K, reserved 1048576K
}
Event: 8044.469 GC heap after
{Heap after GC invocations=5410 (full 8):
 PSYoungGen      total 7680K, used 1952K [0x00000000d5580000, 0x00000000d6280000, 0x0000000100000000)
  eden space 5632K, 0% used [0x00000000d5580000,0x00000000d5580000,0x00000000d5b00000)
  from space 2048K, 95% used [0x00000000d6080000,0x00000000d6268000,0x00000000d6280000)
  to   space 3072K, 0% used [0x00000000d5c80000,0x00000000d5c80000,0x00000000d5f80000)
 ParOldGen       total 1369088K, used 1368717K [0x0000000080000000, 0x00000000d3900000, 0x00000000d5580000)
  object space 1369088K, 99% used [0x0000000080000000,0x00000000d38a3420,0x00000000d3900000)
 Metaspace       used 89837K, committed 91520K, reserved 1179648K
  class space    used 8702K, committed 9472K, reserved 1048576K
}
Event: 8044.478 GC heap before
{Heap before GC invocations=5411 (full 8):
 PSYoungGen      total 7680K, used 2549K [0x00000000d5580000, 0x00000000d6280000, 0x0000000100000000)
  eden space 5632K, 10% used [0x00000000d5580000,0x00000000d5615710,0x00000000d5b00000)
  from space 2048K, 95% used [0x00000000d6080000,0x00000000d6268000,0x00000000d6280000)
  to   space 3072K, 0% used [0x00000000d5c80000,0x00000000d5c80000,0x00000000d5f80000)
 ParOldGen       total 1398272K, used 1387917K [0x0000000080000000, 0x00000000d5580000, 0x00000000d5580000)
  object space 1398272K, 99% used [0x0000000080000000,0x00000000d4b63440,0x00000000d5580000)
 Metaspace       used 89838K, committed 91520K, reserved 1179648K
  class space    used 8702K, committed 9472K, reserved 1048576K
}
Event: 8044.484 GC heap after
{Heap after GC invocations=5411 (full 8):
 PSYoungGen      total 8704K, used 176K [0x00000000d5580000, 0x00000000d6100000, 0x0000000100000000)
  eden space 5632K, 0% used [0x00000000d5580000,0x00000000d5580000,0x00000000d5b00000)
  from space 3072K, 5% used [0x00000000d5c80000,0x00000000d5cac010,0x00000000d5f80000)
  to   space 1024K, 0% used [0x00000000d6000000,0x00000000d6000000,0x00000000d6100000)
 ParOldGen       total 1398272K, used 1389685K [0x0000000080000000, 0x00000000d5580000, 0x00000000d5580000)
  object space 1398272K, 99% used [0x0000000080000000,0x00000000d4d1d440,0x00000000d5580000)
 Metaspace       used 89838K, committed 91520K, reserved 1179648K
  class space    used 8702K, committed 9472K, reserved 1048576K
}
Event: 8044.484 GC heap before
{Heap before GC invocations=5412 (full 8):
 PSYoungGen      total 8704K, used 176K [0x00000000d5580000, 0x00000000d6100000, 0x0000000100000000)
  eden space 5632K, 0% used [0x00000000d5580000,0x00000000d5580000,0x00000000d5b00000)
  from space 3072K, 5% used [0x00000000d5c80000,0x00000000d5cac010,0x00000000d5f80000)
  to   space 1024K, 0% used [0x00000000d6000000,0x00000000d6000000,0x00000000d6100000)
 ParOldGen       total 1398272K, used 1389685K [0x0000000080000000, 0x00000000d5580000, 0x00000000d5580000)
  object space 1398272K, 99% used [0x0000000080000000,0x00000000d4d1d440,0x00000000d5580000)
 Metaspace       used 89838K, committed 91520K, reserved 1179648K
  class space    used 8702K, committed 9472K, reserved 1048576K
}
Event: 8044.486 GC heap after
{Heap after GC invocations=5412 (full 8):
 PSYoungGen      total 7680K, used 0K [0x00000000d5580000, 0x00000000d6080000, 0x0000000100000000)
  eden space 7168K, 0% used [0x00000000d5580000,0x00000000d5580000,0x00000000d5c80000)
  from space 512K, 0% used [0x00000000d6000000,0x00000000d6000000,0x00000000d6080000)
  to   space 512K, 0% used [0x00000000d5f80000,0x00000000d5f80000,0x00000000d6000000)
 ParOldGen       total 1398272K, used 1389797K [0x0000000080000000, 0x00000000d5580000, 0x00000000d5580000)
  object space 1398272K, 99% used [0x0000000080000000,0x00000000d4d39480,0x00000000d5580000)
 Metaspace       used 89838K, committed 91520K, reserved 1179648K
  class space    used 8702K, committed 9472K, reserved 1048576K
}
Event: 8044.486 GC heap before
{Heap before GC invocations=5413 (full 9):
 PSYoungGen      total 7680K, used 0K [0x00000000d5580000, 0x00000000d6080000, 0x0000000100000000)
  eden space 7168K, 0% used [0x00000000d5580000,0x00000000d5580000,0x00000000d5c80000)
  from space 512K, 0% used [0x00000000d6000000,0x00000000d6000000,0x00000000d6080000)
  to   space 512K, 0% used [0x00000000d5f80000,0x00000000d5f80000,0x00000000d6000000)
 ParOldGen       total 1398272K, used 1389797K [0x0000000080000000, 0x00000000d5580000, 0x00000000d5580000)
  object space 1398272K, 99% used [0x0000000080000000,0x00000000d4d39480,0x00000000d5580000)
 Metaspace       used 89838K, committed 91520K, reserved 1179648K
  class space    used 8702K, committed 9472K, reserved 1048576K
}
Event: 8044.835 GC heap after
{Heap after GC invocations=5413 (full 9):
 PSYoungGen      total 9216K, used 0K [0x00000000d5580000, 0x00000000d6080000, 0x0000000100000000)
  eden space 8704K, 0% used [0x00000000d5580000,0x00000000d5580000,0x00000000d5e00000)
  from space 512K, 0% used [0x00000000d5f80000,0x00000000d5f80000,0x00000000d6000000)
  to   space 512K, 0% used [0x00000000d6000000,0x00000000d6000000,0x00000000d6080000)
 ParOldGen       total 165376K, used 137737K [0x0000000080000000, 0x000000008a180000, 0x00000000d5580000)
  object space 165376K, 83% used [0x0000000080000000,0x00000000886827a8,0x000000008a180000)
 Metaspace       used 89804K, committed 91520K, reserved 1179648K
  class space    used 8693K, committed 9472K, reserved 1048576K
}
Event: 8099.819 GC heap before
{Heap before GC invocations=5414 (full 9):
 PSYoungGen      total 9216K, used 8703K [0x00000000d5580000, 0x00000000d6080000, 0x0000000100000000)
  eden space 8704K, 99% used [0x00000000d5580000,0x00000000d5dfffe0,0x00000000d5e00000)
  from space 512K, 0% used [0x00000000d5f80000,0x00000000d5f80000,0x00000000d6000000)
  to   space 512K, 0% used [0x00000000d6000000,0x00000000d6000000,0x00000000d6080000)
 ParOldGen       total 165376K, used 149257K [0x0000000080000000, 0x000000008a180000, 0x00000000d5580000)
  object space 165376K, 90% used [0x0000000080000000,0x00000000891c27b8,0x000000008a180000)
 Metaspace       used 89817K, committed 91520K, reserved 1179648K
  class space    used 8693K, committed 9472K, reserved 1048576K
}
Event: 8099.820 GC heap after
{Heap after GC invocations=5414 (full 9):
 PSYoungGen      total 10240K, used 484K [0x00000000d5580000, 0x00000000d6200000, 0x0000000100000000)
  eden space 9728K, 0% used [0x00000000d5580000,0x00000000d5580000,0x00000000d5f00000)
  from space 512K, 94% used [0x00000000d6000000,0x00000000d6079230,0x00000000d6080000)
  to   space 1024K, 0% used [0x00000000d5f00000,0x00000000d5f00000,0x00000000d6000000)
 ParOldGen       total 165376K, used 149289K [0x0000000080000000, 0x000000008a180000, 0x00000000d5580000)
  object space 165376K, 90% used [0x0000000080000000,0x00000000891ca7b8,0x000000008a180000)
 Metaspace       used 89817K, committed 91520K, reserved 1179648K
  class space    used 8693K, committed 9472K, reserved 1048576K
}
Event: 8100.066 GC heap before
{Heap before GC invocations=5415 (full 9):
 PSYoungGen      total 10240K, used 10212K [0x00000000d5580000, 0x00000000d6200000, 0x0000000100000000)
  eden space 9728K, 100% used [0x00000000d5580000,0x00000000d5f00000,0x00000000d5f00000)
  from space 512K, 94% used [0x00000000d6000000,0x00000000d6079230,0x00000000d6080000)
  to   space 1024K, 0% used [0x00000000d5f00000,0x00000000d5f00000,0x00000000d6000000)
 ParOldGen       total 165376K, used 149289K [0x0000000080000000, 0x000000008a180000, 0x00000000d5580000)
  object space 165376K, 90% used [0x0000000080000000,0x00000000891ca7b8,0x000000008a180000)
 Metaspace       used 89817K, committed 91520K, reserved 1179648K
  class space    used 8693K, committed 9472K, reserved 1048576K
}
Event: 8100.067 GC heap after
{Heap after GC invocations=5415 (full 9):
 PSYoungGen      total 10752K, used 1006K [0x00000000d5580000, 0x00000000d6500000, 0x0000000100000000)
  eden space 9728K, 0% used [0x00000000d5580000,0x00000000d5580000,0x00000000d5f00000)
  from space 1024K, 98% used [0x00000000d5f00000,0x00000000d5ffbb20,0x00000000d6000000)
  to   space 2048K, 0% used [0x00000000d6300000,0x00000000d6300000,0x00000000d6500000)
 ParOldGen       total 165376K, used 149806K [0x0000000080000000, 0x000000008a180000, 0x00000000d5580000)
  object space 165376K, 90% used [0x0000000080000000,0x000000008924b9e8,0x000000008a180000)
 Metaspace       used 89817K, committed 91520K, reserved 1179648K
  class space    used 8693K, committed 9472K, reserved 1048576K
}
Event: 8102.154 GC heap before
{Heap before GC invocations=5416 (full 9):
 PSYoungGen      total 10752K, used 10734K [0x00000000d5580000, 0x00000000d6500000, 0x0000000100000000)
  eden space 9728K, 100% used [0x00000000d5580000,0x00000000d5f00000,0x00000000d5f00000)
  from space 1024K, 98% used [0x00000000d5f00000,0x00000000d5ffbb20,0x00000000d6000000)
  to   space 2048K, 0% used [0x00000000d6300000,0x00000000d6300000,0x00000000d6500000)
 ParOldGen       total 165376K, used 149806K [0x0000000080000000, 0x000000008a180000, 0x00000000d5580000)
  object space 165376K, 90% used [0x0000000080000000,0x000000008924b9e8,0x000000008a180000)
 Metaspace       used 89817K, committed 91520K, reserved 1179648K
  class space    used 8693K, committed 9472K, reserved 1048576K
}
Event: 8102.156 GC heap after
{Heap after GC invocations=5416 (full 9):
 PSYoungGen      total 10752K, used 890K [0x00000000d5580000, 0x00000000d6400000, 0x0000000100000000)
  eden space 9728K, 0% used [0x00000000d5580000,0x00000000d5580000,0x00000000d5f00000)
  from space 1024K, 86% used [0x00000000d6300000,0x00000000d63de900,0x00000000d6400000)
  to   space 1536K, 0% used [0x00000000d6100000,0x00000000d6100000,0x00000000d6280000)
 ParOldGen       total 165376K, used 150791K [0x0000000080000000, 0x000000008a180000, 0x00000000d5580000)
  object space 165376K, 91% used [0x0000000080000000,0x0000000089341e08,0x000000008a180000)
 Metaspace       used 89817K, committed 91520K, reserved 1179648K
  class space    used 8693K, committed 9472K, reserved 1048576K
}

